0 verbose cli C:\Program Files\nodejs\node.exe C:\Users\Hiten\AppData\Roaming\npm\node_modules\npm\bin\npm-cli.js
1 info using npm@10.3.0
2 info using node@v18.17.1
3 timing npm:load:whichnode Completed in 2ms
4 timing config:load:defaults Completed in 1ms
5 timing config:load:file:C:\Users\Hiten\AppData\Roaming\npm\node_modules\npm\npmrc Completed in 4ms
6 timing config:load:builtin Completed in 4ms
7 timing config:load:cli Completed in 2ms
8 timing config:load:env Completed in 0ms
9 timing config:load:file:C:\Users\Hiten\Desktop\kk05\kids_web\.npmrc Completed in 0ms
10 timing config:load:project Completed in 2ms
11 timing config:load:file:C:\Users\Hiten\.npmrc Completed in 1ms
12 timing config:load:user Completed in 1ms
13 timing config:load:file:C:\Users\Hiten\AppData\Roaming\npm\etc\npmrc Completed in 0ms
14 timing config:load:global Completed in 1ms
15 timing config:load:setEnvs Completed in 1ms
16 timing config:load Completed in 12ms
17 timing npm:load:configload Completed in 12ms
18 timing config:load:flatten Completed in 2ms
19 timing npm:load:mkdirpcache Completed in 0ms
20 timing npm:load:mkdirplogs Completed in 1ms
21 verbose title npm start
22 verbose argv "start"
23 timing npm:load:setTitle Completed in 1ms
24 timing npm:load:display Completed in 0ms
25 verbose logfile logs-max:10 dir:C:\Users\Hiten\Desktop\kk05\kids_web\pathtocache\_logs\2024-01-18T18_38_46_705Z-
26 verbose logfile C:\Users\Hiten\Desktop\kk05\kids_web\pathtocache\_logs\2024-01-18T18_38_46_705Z-debug-0.log
27 timing npm:load:logFile Completed in 8ms
28 timing npm:load:timers Completed in 0ms
29 timing npm:load:configScope Completed in 0ms
30 timing npm:load Completed in 48ms
31 timing command:run-script Completed in 145ms
32 timing command:start Completed in 156ms
33 verbose stack Error: Could not read package.json: Error: ENOENT: no such file or directory, open 'C:\Users\Hiten\Desktop\kk05\kids_web\package.json'
34 verbose cwd C:\Users\Hiten\Desktop\kk05\kids_web
35 verbose Windows_NT 10.0.22631
36 verbose node v18.17.1
37 verbose npm  v10.3.0
38 error code ENOENT
39 error syscall open
40 error path C:\Users\Hiten\Desktop\kk05\kids_web\package.json
41 error errno -4058
42 error enoent Could not read package.json: Error: ENOENT: no such file or directory, open 'C:\Users\Hiten\Desktop\kk05\kids_web\package.json'
43 error enoent This is related to npm not being able to find a file.
43 error enoent
44 verbose exit -4058
45 timing npm Completed in 254ms
46 verbose code -4058
47 error A complete log of this run can be found in: C:\Users\Hiten\Desktop\kk05\kids_web\pathtocache\_logs\2024-01-18T18_38_46_705Z-debug-0.log
